INFO: 2017-06-18 20:08:03,651: perform_upgrade() 'Last run version was 0.6.4 or earlier, current version is 0.6.4'
INFO: 2017-06-18 20:08:03,695: process_command() 'Received command: []'
INFO: 2017-06-18 20:08:03,701: load_banned() 'Missing or invalid banned URLs list, no URLs will be banned'
INFO: 2017-06-18 20:08:05,037: load() 'Jumble loading'
INFO: 2017-06-18 20:08:05,139: _walk_modules() 'Jumble loading module in __init__ from /usr/share/variety/plugins/__init__.py'
INFO: 2017-06-18 20:08:05,189: _walk_modules() 'Jumble loading module in QuotesDaddySource from /usr/share/variety/plugins/quotes/QuotesDaddySource.py'
INFO: 2017-06-18 20:08:05,203: load() 'Jumble found plugin class: <class 'QuotesDaddySource.QuotesDaddySource'>: {'author': 'Peter Levi', 'name': 'QuotesDaddy', 'version': '0.1', 'description': u"Fetches quotes from QuotesDaddy's daily quotes RSS feed.\nDoes not support searching by tags or authors."}'
INFO: 2017-06-18 20:08:05,203: _walk_modules() 'Jumble loading module in GoodreadsSource from /usr/share/variety/plugins/quotes/GoodreadsSource.py'
INFO: 2017-06-18 20:08:05,345: load() 'Jumble found plugin class: <class 'GoodreadsSource.GoodreadsSource'>: {'author': 'Peter Levi', 'name': 'Goodreads', 'version': '0.1', 'description': u'Fetches quotes from Goodreads.com'}'
INFO: 2017-06-18 20:08:05,346: _walk_modules() 'Jumble loading module in QuotationsPageSource from /usr/share/variety/plugins/quotes/QuotationsPageSource.py'
INFO: 2017-06-18 20:08:05,349: load() 'Jumble found plugin class: <class 'QuotationsPageSource.QuotationsPageSource'>: {'author': 'Peter Levi', 'name': 'TheQuotationsPage.com', 'version': '0.1', 'description': u'Fetches quotes from TheQuotationsPage.com'}'
INFO: 2017-06-18 20:08:05,350: _walk_modules() 'Jumble loading module in LocalFilesSource from /usr/share/variety/plugins/quotes/LocalFilesSource.py'
INFO: 2017-06-18 20:08:05,353: load() 'Jumble found plugin class: <class 'LocalFilesSource.LocalFilesSource'>: {'author': 'Peter Levi', 'name': 'Local text files', 'version': '0.1', 'description': u'Displays quotes, defined in local text files.\nPut your own txt files in: ~/.config/variety/pluginconfig/quotes/.\nThe file format is:\n\nquote -- author\n.\nsecond quote -- another author\n.\netc...\n\nExample: http://rvelthuis.de/zips/quotes.txt'}'
INFO: 2017-06-18 20:08:05,353: _walk_modules() 'Jumble loading module in __init__ from /usr/share/variety/plugins/quotes/__init__.py'
INFO: 2017-06-18 20:08:05,723: reload_config() 'Creating new downloader for type 6, location Random wallpapers from Desktoppr.co'
INFO: 2017-06-18 20:08:05,725: log_options() 'Loaded options:'
INFO: 2017-06-18 20:08:05,726: log_options() 'change_enabled = False'
INFO: 2017-06-18 20:08:05,726: log_options() 'change_interval = 300'
INFO: 2017-06-18 20:08:05,726: log_options() 'change_on_start = False'
INFO: 2017-06-18 20:08:05,726: log_options() 'clipboard_enabled = False'
INFO: 2017-06-18 20:08:05,726: log_options() 'clipboard_hosts = [u'wallhaven.cc', u'ns223506.ovh.net', u'wallpapers.net', u'flickr.com', u'imgur.com', u'deviantart.com', u'interfacelift.com', u'vladstudio.com', u'imageshack.us']'
INFO: 2017-06-18 20:08:05,727: log_options() 'clipboard_use_whitelist = True'
INFO: 2017-06-18 20:08:05,727: log_options() 'clock_date_font = Ubuntu Condensed, 30'
INFO: 2017-06-18 20:08:05,727: log_options() 'clock_enabled = False'
INFO: 2017-06-18 20:08:05,727: log_options() 'clock_filter = -density 100 -font `fc-match -f '%{file[0]}' '%CLOCK_FONT_NAME'` -pointsize %CLOCK_FONT_SIZE -gravity SouthEast -fill '#00000044' -annotate 0x0+[%HOFFSET+58]+[%VOFFSET+108] '%H:%M' -fill white -annotate 0x0+[%HOFFSET+60]+[%VOFFSET+110] '%H:%M' -font `fc-match -f '%{file[0]}' '%DATE_FONT_NAME'` -pointsize %DATE_FONT_SIZE -fill '#00000044' -annotate 0x0+[%HOFFSET+58]+[%VOFFSET+58] '%A, %B %d' -fill white -annotate 0x0+[%HOFFSET+60]+[%VOFFSET+60] '%A, %B %d''
INFO: 2017-06-18 20:08:05,728: log_options() 'clock_font = Ubuntu Condensed, 70'
INFO: 2017-06-18 20:08:05,728: log_options() 'configfile = /home/pringled/.config/variety/variety.conf'
INFO: 2017-06-18 20:08:05,728: log_options() 'copyto_enabled = False'
INFO: 2017-06-18 20:08:05,728: log_options() 'copyto_folder = Default'
INFO: 2017-06-18 20:08:05,728: log_options() 'desired_color = [160, 160, 160]'
INFO: 2017-06-18 20:08:05,729: log_options() 'desired_color_enabled = False'
INFO: 2017-06-18 20:08:05,729: log_options() 'download_enabled = True'
INFO: 2017-06-18 20:08:05,729: log_options() 'download_folder = /home/pringled/.config/variety/Downloaded'
INFO: 2017-06-18 20:08:05,730: log_options() 'download_interval = 600'
INFO: 2017-06-18 20:08:05,730: log_options() 'facebook_message = '
INFO: 2017-06-18 20:08:05,730: log_options() 'facebook_show_dialog = True'
INFO: 2017-06-18 20:08:05,730: log_options() 'favorites_folder = /home/pringled/.config/variety/Favorites'
INFO: 2017-06-18 20:08:05,730: log_options() 'favorites_operations = [[u'Downloaded', u'Copy'], [u'Fetched', u'Move'], [u'Others', u'Copy']]'
INFO: 2017-06-18 20:08:05,731: log_options() 'fetched_folder = /home/pringled/.config/variety/Fetched'
INFO: 2017-06-18 20:08:05,731: log_options() 'filters = [[False, u'Keep original', u''], [False, u'Grayscale', u'-type Grayscale'], [False, u'Heavy blur', u'-blur 120x40'], [False, u'Soft blur', u'-blur 20x7'], [False, u'Oil painting', u'-paint 8'], [False, u'Pencil sketch', u'-colorspace gray \\( +clone -tile ~/.config/variety/pencil_tile.png -draw "color 0,0 reset" +clone +swap -compose color_dodge -composite \\) -fx \'u*.2+v*.8\''], [False, u'Pointilism', u'-spread 10 -noise 3'], [False, u'Pixellate', u'-scale 3% -scale 3333%']]'
INFO: 2017-06-18 20:08:05,731: log_options() 'icon = Light'
INFO: 2017-06-18 20:08:05,731: log_options() 'lightness_enabled = False'
INFO: 2017-06-18 20:08:05,732: log_options() 'lightness_mode = 0'
INFO: 2017-06-18 20:08:05,732: log_options() 'min_rating = 4'
INFO: 2017-06-18 20:08:05,732: log_options() 'min_rating_enabled = False'
INFO: 2017-06-18 20:08:05,732: log_options() 'min_size = 80'
INFO: 2017-06-18 20:08:05,732: log_options() 'min_size_enabled = True'
INFO: 2017-06-18 20:08:05,733: log_options() 'quota_enabled = True'
INFO: 2017-06-18 20:08:05,733: log_options() 'quota_size = 500'
INFO: 2017-06-18 20:08:05,733: log_options() 'quotes_authors = '
INFO: 2017-06-18 20:08:05,733: log_options() 'quotes_bg_color = [80, 80, 80]'
INFO: 2017-06-18 20:08:05,733: log_options() 'quotes_bg_opacity = 55'
INFO: 2017-06-18 20:08:05,734: log_options() 'quotes_change_enabled = False'
INFO: 2017-06-18 20:08:05,734: log_options() 'quotes_change_interval = 300'
INFO: 2017-06-18 20:08:05,734: log_options() 'quotes_disabled_sources = [u'QuotesDaddy']'
INFO: 2017-06-18 20:08:05,734: log_options() 'quotes_enabled = False'
INFO: 2017-06-18 20:08:05,734: log_options() 'quotes_favorites_file = /home/pringled/.config/variety/favorite_quotes.txt'
INFO: 2017-06-18 20:08:05,735: log_options() 'quotes_font = Bitstream Charter 30'
INFO: 2017-06-18 20:08:05,735: log_options() 'quotes_hpos = 100'
INFO: 2017-06-18 20:08:05,735: log_options() 'quotes_tags = '
INFO: 2017-06-18 20:08:05,735: log_options() 'quotes_text_color = [255, 255, 255]'
INFO: 2017-06-18 20:08:05,735: log_options() 'quotes_text_shadow = False'
INFO: 2017-06-18 20:08:05,736: log_options() 'quotes_vpos = 40'
INFO: 2017-06-18 20:08:05,736: log_options() 'quotes_width = 70'
INFO: 2017-06-18 20:08:05,736: log_options() 'safe_mode = False'
INFO: 2017-06-18 20:08:05,736: log_options() 'slideshow_custom_enabled = False'
INFO: 2017-06-18 20:08:05,736: log_options() 'slideshow_custom_folder = /home/pringled/Pictures'
INFO: 2017-06-18 20:08:05,737: log_options() 'slideshow_downloads_enabled = False'
INFO: 2017-06-18 20:08:05,737: log_options() 'slideshow_fade = 0.4'
INFO: 2017-06-18 20:08:05,737: log_options() 'slideshow_favorites_enabled = True'
INFO: 2017-06-18 20:08:05,737: log_options() 'slideshow_mode = Fullscreen'
INFO: 2017-06-18 20:08:05,737: log_options() 'slideshow_monitor = All'
INFO: 2017-06-18 20:08:05,738: log_options() 'slideshow_pan = 0.05'
INFO: 2017-06-18 20:08:05,738: log_options() 'slideshow_seconds = 6.0'
INFO: 2017-06-18 20:08:05,738: log_options() 'slideshow_sort_order = Random'
INFO: 2017-06-18 20:08:05,738: log_options() 'slideshow_sources_enabled = True'
INFO: 2017-06-18 20:08:05,739: log_options() 'slideshow_zoom = 0.2'
INFO: 2017-06-18 20:08:05,739: log_options() 'smart_enabled = False'
INFO: 2017-06-18 20:08:05,739: log_options() 'smart_notice_shown = True'
INFO: 2017-06-18 20:08:05,739: log_options() 'smart_register_shown = False'
INFO: 2017-06-18 20:08:05,740: log_options() 'sources = [[True, 3, u'The Favorites folder'], [False, 4, u'The Fetched folder'], [False, 19, u'Recommended by Variety. Adapts to your taste as you mark images as favorite or trash.'], [False, 20, u'Latest favorites by the other users of Variety. [May contain NSFW images]'], [True, 2, u'/usr/share/backgrounds'], [True, 6, u'Random wallpapers from Desktoppr.co'], [False, 15, u'Bing Photo of the Day'], [False, 16, u'High-resolution photos from Unsplash.com'], [False, 8, u"NASA's Astronomy Picture of the Day"], [False, 11, u'World Sunlight Map - live wallpaper from Die.net'], [False, 7, u'user:www.flickr.com/photos/peter-levi/;user_id:93647178@N00;']]'
INFO: 2017-06-18 20:08:05,740: log_options() 'stats_enabled = True'
INFO: 2017-06-18 20:08:05,740: log_options() 'stats_notice_shown = True'
INFO: 2017-06-18 20:08:05,740: log_options() 'sync_enabled = True'
INFO: 2017-06-18 20:08:05,740: log_options() 'use_landscape_enabled = True'
INFO: 2017-06-18 20:08:05,741: reload_config() 'No need to clear prepared queue'
INFO: 2017-06-18 20:08:05,742: load_last_change_time() 'Change interval < 6 hours, ignore persisted last_change_time, wait initially the whole interval: 300'
INFO: 2017-06-18 20:08:05,743: update_indicator() 'Setting file info to: /home/pringled/.config/variety/Downloaded/Desktoppr/3.1.1__91_.jpg'
INFO: 2017-06-18 20:08:05,843: do_set_wp() 'Calling do_set_wp with /home/pringled/.config/variety/Downloaded/Desktoppr/3.1.1__91_.jpg, time: 1497841685.84'
INFO: 2017-06-18 20:08:06,865: regular_change_thread() 'regular_change thread running'
INFO: 2017-06-18 20:08:06,866: prepare_thread() 'Prepare thread running'
INFO: 2017-06-18 20:08:06,866: regular_change_thread() 'regular_change: waiting till user resumes'
INFO: 2017-06-18 20:08:06,867: prepare_thread() 'Prepared buffer contains 0 images'
INFO: 2017-06-18 20:08:06,868: prepare_thread() 'Preparing some images'
INFO: 2017-06-18 20:08:06,870: update_indicator_icon() 'Creating indicator'
WARNING: 2017-06-18 20:08:06,890: create_menu() 'Variety Slideshow is not installed. Install it with "sudo apt-get install variety-slideshow", read more here: http://peterlevi.com/variety/slideshow/'
INFO: 2017-06-18 20:08:06,903: set_from_theme_icon() 'Showing indicator icon variety-indicator from GTK theme'
INFO: 2017-06-18 20:08:06,903: update_indicator() 'Setting file info to: /home/pringled/.config/variety/Downloaded/Desktoppr/3.1.1__91_.jpg'
INFO: 2017-06-18 20:08:06,939: update_indicator() 'Setting file info to: /home/pringled/.config/variety/Downloaded/Desktoppr/3.1.1__91_.jpg'
INFO: 2017-06-18 20:08:17,285: prepare_thread() 'After search prepared buffer contains 96 images'
INFO: 2017-06-18 20:08:25,746: stats_report_config() 'Stats: Reporting config anonymously'
INFO: 2017-06-18 20:08:26,534: reload() 'Reloading preferences dialog'
INFO: 2017-06-18 20:08:26,639: update_indicator() 'Setting file info to: /home/pringled/.config/variety/Downloaded/Desktoppr/3.1.1__91_.jpg'
ERROR: 2017-06-18 20:08:26,742: reporting_thread_method() 'Stats: Could not report config'
Traceback (most recent call last):
  File "/usr/lib/python2.7/site-packages/variety/VarietyWindow.py", line 999, in reporting_thread_method
    self.smart.stats_report_config()
  File "/usr/lib/python2.7/site-packages/variety/Smart.py", line 851, in stats_report_config
    res = Util.fetch_json(Smart.API_URL + '/stats/%s/report-config' % statsid, data=data)
  File "/usr/lib/python2.7/site-packages/variety/Util.py", line 534, in fetch_json
    return Util.request(url, data).json()
  File "/usr/lib/python2.7/site-packages/variety/Util.py", line 507, in request
    r.raise_for_status()
  File "/usr/lib/python2.7/site-packages/requests/models.py", line 928, in raise_for_status
    raise HTTPError(http_error_msg, response=self)
HTTPError: 500 Server Error: Internal Server Error for url: https://vrty.org/api/stats/ewman9w3np/report-config
INFO: 2017-06-18 20:08:26,889: server_options_thread() 'Fetching server options from http://tiny.cc/variety-options-063'
INFO: 2017-06-18 20:08:27,304: server_options_thread() 'Fetched server options: {u'unsplash': {u'min_fill_queue_interval': 1800, u'min_download_interval': 600}, u'wallpapers.net': {u'min_fill_queue_interval': 600, u'min_download_interval': 0}, u'wallhaven': {u'min_fill_queue_interval': 1800, u'min_download_interval': 1800}, u'wallbase': {u'min_fill_queue_interval': 1800, u'min_download_interval': 1800}, u'flickr': {u'min_fill_queue_interval': 1200, u'min_download_interval': 1200}, u'status_message': {u'*': u'', u'0.0.1': u''}}'
INFO: 2017-06-18 20:08:56,980: stats_report_config() 'Stats: Reporting config anonymously'
ERROR: 2017-06-18 20:08:57,971: reporting_thread_method() 'Stats: Could not report config'
Traceback (most recent call last):
  File "/usr/lib/python2.7/site-packages/variety/VarietyWindow.py", line 999, in reporting_thread_method
    self.smart.stats_report_config()
  File "/usr/lib/python2.7/site-packages/variety/Smart.py", line 851, in stats_report_config
    res = Util.fetch_json(Smart.API_URL + '/stats/%s/report-config' % statsid, data=data)
  File "/usr/lib/python2.7/site-packages/variety/Util.py", line 534, in fetch_json
    return Util.request(url, data).json()
  File "/usr/lib/python2.7/site-packages/variety/Util.py", line 507, in request
    r.raise_for_status()
  File "/usr/lib/python2.7/site-packages/requests/models.py", line 928, in raise_for_status
    raise HTTPError(http_error_msg, response=self)
HTTPError: 500 Server Error: Internal Server Error for url: https://vrty.org/api/stats/ewman9w3np/report-config
INFO: 2017-06-18 20:09:28,001: stats_report_config() 'Stats: Reporting config anonymously'
ERROR: 2017-06-18 20:09:29,002: reporting_thread_method() 'Stats: Could not report config'
Traceback (most recent call last):
  File "/usr/lib/python2.7/site-packages/variety/VarietyWindow.py", line 999, in reporting_thread_method
    self.smart.stats_report_config()
  File "/usr/lib/python2.7/site-packages/variety/Smart.py", line 851, in stats_report_config
    res = Util.fetch_json(Smart.API_URL + '/stats/%s/report-config' % statsid, data=data)
  File "/usr/lib/python2.7/site-packages/variety/Util.py", line 534, in fetch_json
    return Util.request(url, data).json()
  File "/usr/lib/python2.7/site-packages/variety/Util.py", line 507, in request
    r.raise_for_status()
  File "/usr/lib/python2.7/site-packages/requests/models.py", line 928, in raise_for_status
    raise HTTPError(http_error_msg, response=self)
HTTPError: 500 Server Error: Internal Server Error for url: https://vrty.org/api/stats/ewman9w3np/report-config
INFO: 2017-06-18 20:18:07,055: purge_downloaded() 'Refreshed download folder size: 435 mb'
INFO: 2017-06-18 20:18:07,056: download_one() 'Downloading a random image from desktoppr.co'
INFO: 2017-06-18 20:18:07,832: save_locally() 'Origin URL: https://www.desktoppr.co/wallpapers/145349'
INFO: 2017-06-18 20:18:07,832: save_locally() 'Image URL: http://a.desktopprassets.com/wallpapers/671d9a34e9e17664ee7bcca2e303b1dd47c5bc0c/wallpaper-932006.jpg'
INFO: 2017-06-18 20:18:07,833: save_locally() 'Local name: /home/pringled/.config/variety/Downloaded/Desktoppr/wallpaper-932006.jpg'
INFO: 2017-06-18 20:18:08,675: save_locally() 'Download complete'
INFO: 2017-06-18 20:18:08,676: update_indicator() 'Setting file info to: /home/pringled/.config/variety/Downloaded/Desktoppr/3.1.1__91_.jpg'
INFO: 2017-06-18 20:18:08,676: download_one_from() 'Adding downloaded file /home/pringled/.config/variety/Downloaded/Desktoppr/wallpaper-932006.jpg to prepared_from_downloads queue'
INFO: 2017-06-18 20:28:06,869: download_one() 'Downloading a random image from desktoppr.co'
INFO: 2017-06-18 20:28:07,542: save_locally() 'Origin URL: https://www.desktoppr.co/wallpapers/169184'
INFO: 2017-06-18 20:28:07,542: save_locally() 'Image URL: http://a.desktopprassets.com/wallpapers/a97a1c5cce678464e957968640fc5ca96ba96f68/1339568369633.jpg'
INFO: 2017-06-18 20:28:07,543: save_locally() 'Local name: /home/pringled/.config/variety/Downloaded/Desktoppr/1339568369633.jpg'
INFO: 2017-06-18 20:28:08,092: save_locally() 'Download complete'
INFO: 2017-06-18 20:28:08,092: update_indicator() 'Setting file info to: /home/pringled/.config/variety/Downloaded/Desktoppr/3.1.1__91_.jpg'
INFO: 2017-06-18 20:28:08,092: download_one_from() 'Adding downloaded file /home/pringled/.config/variety/Downloaded/Desktoppr/1339568369633.jpg to prepared_from_downloads queue'
INFO: 2017-06-18 20:38:06,869: download_one() 'Downloading a random image from desktoppr.co'
INFO: 2017-06-18 20:38:07,326: save_locally() 'Origin URL: https://www.desktoppr.co/wallpapers/101288'
INFO: 2017-06-18 20:38:07,326: save_locally() 'Image URL: http://a.desktopprassets.com/wallpapers/faaae1cf322292a045fbfd7ebe7d8a7971ca0ef5/dklgl.jpg'
INFO: 2017-06-18 20:38:07,327: save_locally() 'Local name: /home/pringled/.config/variety/Downloaded/Desktoppr/dklgl.jpg'
INFO: 2017-06-18 20:38:08,005: save_locally() 'Download complete'
INFO: 2017-06-18 20:38:08,006: update_indicator() 'Setting file info to: /home/pringled/.config/variety/Downloaded/Desktoppr/3.1.1__91_.jpg'
INFO: 2017-06-18 20:38:08,007: download_one_from() 'Adding downloaded file /home/pringled/.config/variety/Downloaded/Desktoppr/dklgl.jpg to prepared_from_downloads queue'
